{"D:\\Valenthina\\Estudos\\Reprograma\\Projeto-Final-ImersaoJS\\projeto\\Person\\Person.js": {"path":"D:\\Valenthina\\Estudos\\Reprograma\\Projeto-Final-ImersaoJS\\projeto\\Person\\Person.js","all":false,"statementMap":{"0":{"start":{"line":1,"column":0},"end":{"line":1,"column":14}},"1":{"start":{"line":2,"column":0},"end":{"line":2,"column":7}},"2":{"start":{"line":3,"column":0},"end":{"line":3,"column":8}},"3":{"start":{"line":4,"column":0},"end":{"line":4,"column":7}},"4":{"start":{"line":5,"column":0},"end":{"line":5,"column":12}},"5":{"start":{"line":6,"column":0},"end":{"line":6,"column":0}},"6":{"start":{"line":7,"column":0},"end":{"line":7,"column":13}},"7":{"start":{"line":8,"column":0},"end":{"line":8,"column":21}},"8":{"start":{"line":9,"column":0},"end":{"line":9,"column":3}},"9":{"start":{"line":10,"column":0},"end":{"line":10,"column":0}},"10":{"start":{"line":11,"column":0},"end":{"line":11,"column":16}},"11":{"start":{"line":12,"column":0},"end":{"line":12,"column":20}},"12":{"start":{"line":13,"column":0},"end":{"line":13,"column":3}},"13":{"start":{"line":14,"column":0},"end":{"line":14,"column":0}},"14":{"start":{"line":15,"column":0},"end":{"line":15,"column":47}},"15":{"start":{"line":16,"column":0},"end":{"line":16,"column":18}},"16":{"start":{"line":17,"column":0},"end":{"line":17,"column":119}},"17":{"start":{"line":18,"column":0},"end":{"line":18,"column":64}},"18":{"start":{"line":19,"column":0},"end":{"line":19,"column":78}},"19":{"start":{"line":20,"column":0},"end":{"line":20,"column":8}},"20":{"start":{"line":21,"column":0},"end":{"line":21,"column":27}},"21":{"start":{"line":22,"column":0},"end":{"line":22,"column":31}},"22":{"start":{"line":23,"column":0},"end":{"line":23,"column":36}},"23":{"start":{"line":24,"column":0},"end":{"line":24,"column":7}},"24":{"start":{"line":25,"column":0},"end":{"line":25,"column":23}},"25":{"start":{"line":26,"column":0},"end":{"line":26,"column":25}},"26":{"start":{"line":27,"column":0},"end":{"line":27,"column":22}},"27":{"start":{"line":28,"column":0},"end":{"line":28,"column":33}},"28":{"start":{"line":29,"column":0},"end":{"line":29,"column":46}},"29":{"start":{"line":30,"column":0},"end":{"line":30,"column":12}},"30":{"start":{"line":31,"column":0},"end":{"line":31,"column":58}},"31":{"start":{"line":32,"column":0},"end":{"line":32,"column":5}},"32":{"start":{"line":33,"column":0},"end":{"line":33,"column":3}},"33":{"start":{"line":34,"column":0},"end":{"line":34,"column":1}},"34":{"start":{"line":35,"column":0},"end":{"line":35,"column":0}},"35":{"start":{"line":36,"column":0},"end":{"line":36,"column":24}},"36":{"start":{"line":37,"column":0},"end":{"line":37,"column":0}},"37":{"start":{"line":38,"column":0},"end":{"line":38,"column":28}},"38":{"start":{"line":39,"column":0},"end":{"line":39,"column":22}},"39":{"start":{"line":40,"column":0},"end":{"line":40,"column":15}},"40":{"start":{"line":41,"column":0},"end":{"line":41,"column":32}},"41":{"start":{"line":42,"column":0},"end":{"line":42,"column":16}},"42":{"start":{"line":43,"column":0},"end":{"line":43,"column":15}},"43":{"start":{"line":44,"column":0},"end":{"line":44,"column":2}},"44":{"start":{"line":45,"column":0},"end":{"line":45,"column":20}}},"s":{"0":1,"1":1,"2":4,"3":4,"4":1,"5":1,"6":1,"7":0,"8":0,"9":1,"10":1,"11":0,"12":0,"13":1,"14":1,"15":3,"16":3,"17":3,"18":3,"19":3,"20":3,"21":3,"22":2,"23":3,"24":2,"25":2,"26":2,"27":2,"28":2,"29":3,"30":1,"31":1,"32":3,"33":1,"34":1,"35":1,"36":1,"37":1,"38":1,"39":1,"40":1,"41":1,"42":1,"43":1,"44":1},"branchMap":{"0":{"type":"branch","line":2,"loc":{"start":{"line":2,"column":2},"end":{"line":5,"column":11}},"locations":[{"start":{"line":2,"column":2},"end":{"line":5,"column":11}}]},"1":{"type":"branch","line":15,"loc":{"start":{"line":15,"column":2},"end":{"line":33,"column":3}},"locations":[{"start":{"line":15,"column":2},"end":{"line":33,"column":3}}]},"2":{"type":"branch","line":21,"loc":{"start":{"line":21,"column":24},"end":{"line":22,"column":28}},"locations":[{"start":{"line":21,"column":24},"end":{"line":22,"column":28}}]},"3":{"type":"branch","line":22,"loc":{"start":{"line":22,"column":28},"end":{"line":23,"column":36}},"locations":[{"start":{"line":22,"column":28},"end":{"line":23,"column":36}}]},"4":{"type":"branch","line":24,"loc":{"start":{"line":24,"column":6},"end":{"line":30,"column":5}},"locations":[{"start":{"line":24,"column":6},"end":{"line":30,"column":5}}]},"5":{"type":"branch","line":30,"loc":{"start":{"line":30,"column":5},"end":{"line":32,"column":5}},"locations":[{"start":{"line":30,"column":5},"end":{"line":32,"column":5}}]}},"b":{"0":[4],"1":[3],"2":[2],"3":[2],"4":[2],"5":[1]},"fnMap":{"0":{"name":"<instance_members_initializer>","decl":{"start":{"line":2,"column":2},"end":{"line":5,"column":11}},"loc":{"start":{"line":2,"column":2},"end":{"line":5,"column":11}},"line":2},"1":{"name":"get cpf","decl":{"start":{"line":7,"column":2},"end":{"line":9,"column":3}},"loc":{"start":{"line":7,"column":2},"end":{"line":9,"column":3}},"line":7},"2":{"name":"set cpf","decl":{"start":{"line":11,"column":2},"end":{"line":13,"column":3}},"loc":{"start":{"line":11,"column":2},"end":{"line":13,"column":3}},"line":11},"3":{"name":"registerPerson","decl":{"start":{"line":15,"column":2},"end":{"line":33,"column":3}},"loc":{"start":{"line":15,"column":2},"end":{"line":33,"column":3}},"line":15}},"f":{"0":4,"1":0,"2":0,"3":3}}
}
