TN:
SF:projeto\Nutritionist\Nutritionist.js
FN:2,<instance_members_initializer>
FN:6,Nutritionist
FN:12,validateNutri
FNF:3
FNH:3
FNDA:6,<instance_members_initializer>
FNDA:6,Nutritionist
FNDA:1,validateNutri
DA:1,1
DA:2,1
DA:3,6
DA:4,1
DA:5,1
DA:6,1
DA:7,6
DA:8,6
DA:9,6
DA:10,6
DA:11,1
DA:12,1
DA:13,1
DA:14,1
DA:15,0
DA:16,1
DA:17,1
DA:18,1
DA:19,0
DA:20,0
DA:21,1
DA:22,1
DA:23,1
DA:24,1
LF:24
LH:21
BRDA:2,0,0,6
BRDA:6,1,0,6
BRDA:12,2,0,1
BRDA:14,3,0,0
BRDA:18,4,0,0
BRF:5
BRH:3
end_of_record
TN:
SF:projeto\Patient\Patient.js
FN:2,<instance_members_initializer>
FN:8,Patient
FN:16,validatePatient
FN:27,validateTelephone
FNF:4
FNH:4
FNDA:8,<instance_members_initializer>
FNDA:8,Patient
FNDA:1,validatePatient
FNDA:1,validateTelephone
DA:1,1
DA:2,1
DA:3,8
DA:4,8
DA:5,8
DA:6,1
DA:7,1
DA:8,1
DA:9,8
DA:10,8
DA:11,8
DA:12,8
DA:13,8
DA:14,8
DA:15,1
DA:16,1
DA:17,1
DA:18,1
DA:19,0
DA:20,1
DA:21,1
DA:22,1
DA:23,0
DA:24,0
DA:25,1
DA:26,1
DA:27,1
DA:28,1
DA:29,1
DA:30,0
DA:31,1
DA:32,1
DA:33,1
DA:34,1
DA:35,1
DA:36,1
DA:37,1
LF:37
LH:33
BRDA:2,0,0,8
BRDA:8,1,0,8
BRDA:16,2,0,1
BRDA:18,3,0,0
BRDA:22,4,0,0
BRDA:27,5,0,1
BRDA:29,6,0,0
BRF:7
BRH:4
end_of_record
TN:
SF:projeto\Schedule\Schedule.js
FN:4,<instance_members_initializer>
FN:10,Schedule
FN:17,verifyScheduleNutri
FNF:3
FNH:3
FNDA:2,<instance_members_initializer>
FNDA:2,Schedule
FNDA:5,verifyScheduleNutri
DA:1,1
DA:2,1
DA:3,1
DA:4,1
DA:5,2
DA:6,2
DA:7,2
DA:8,1
DA:9,1
DA:10,1
DA:11,2
DA:12,2
DA:13,2
DA:14,2
DA:15,2
DA:16,1
DA:17,1
DA:18,5
DA:19,5
DA:20,3
DA:21,3
DA:22,3
DA:23,5
DA:24,2
DA:25,2
DA:26,2
DA:27,5
DA:28,5
DA:29,1
DA:30,1
DA:31,1
LF:31
LH:31
BRDA:4,0,0,2
BRDA:10,1,0,2
BRDA:17,2,0,5
BRDA:19,3,0,3
BRDA:23,4,0,2
BRF:5
BRH:5
end_of_record
