TN:
SF:projeto\Patient\Patient.js
FN:4,<instance_members_initializer>
FN:7,Patient
FNF:2
FNH:2
FNDA:2,<instance_members_initializer>
FNDA:2,Patient
DA:1,1
DA:2,1
DA:3,1
DA:4,1
DA:5,1
DA:6,1
DA:7,1
DA:8,2
DA:9,2
DA:10,2
DA:11,2
DA:12,1
DA:13,1
DA:14,1
LF:14
LH:14
BRDA:4,0,0,2
BRDA:7,1,0,2
BRF:2
BRH:2
end_of_record
TN:
SF:projeto\Person\Person.js
FN:2,<instance_members_initializer>
FN:7,Person
FN:24,get cpf
FN:28,set cpf
FNF:4
FNH:2
FNDA:2,<instance_members_initializer>
FNDA:2,Person
FNDA:0,get cpf
FNDA:0,set cpf
DA:1,1
DA:2,1
DA:3,2
DA:4,2
DA:5,1
DA:6,1
DA:7,1
DA:8,2
DA:9,2
DA:10,2
DA:11,2
DA:12,2
DA:13,2
DA:14,2
DA:15,1
DA:16,2
DA:17,1
DA:18,1
DA:19,1
DA:20,1
DA:21,1
DA:22,2
DA:23,1
DA:24,1
DA:25,0
DA:26,0
DA:27,1
DA:28,1
DA:29,0
DA:30,0
DA:31,1
DA:32,1
DA:33,1
LF:33
LH:29
BRDA:2,0,0,2
BRDA:7,1,0,2
BRDA:13,2,0,1
BRDA:14,3,0,1
BRDA:16,4,0,1
BRF:5
BRH:5
end_of_record
